* using log directory 'C:/Users/afunk/Desktop/git/baseball.Rcheck'
* using R version 4.1.0 (2021-05-18)
* using platform: x86_64-w64-mingw32 (64-bit)
* using session charset: ISO8859-1
* using options '--no-manual --as-cran'
* checking for file 'baseball/DESCRIPTION' ... OK
* this is package 'baseball' version '0.1.0'
* package encoding: UTF-8
* checking package namespace information ... OK
* checking package dependencies ... OK
* checking if this is a source package ... OK
* checking if there is a namespace ... OK
* checking for executable files ... OK
* checking for hidden files and directories ... OK
* checking for portable file names ... OK
* checking serialization versions ... OK
* checking whether package 'baseball' can be installed ... WARNING
Found the following significant warnings:
  Warning: package 'ggplot2' was built under R version 4.1.1
See 'C:/Users/afunk/Desktop/git/baseball.Rcheck/00install.out' for details.
* checking installed package size ... OK
* checking package directory ... OK
* checking for future file timestamps ... OK
* checking DESCRIPTION meta-information ... NOTE
License components which are templates and need '+ file LICENSE':
  MIT
* checking top-level files ... NOTE
Non-standard files/directories found at top level:
  'Batting.csv' 'People.csv' 'batting.txt'
* checking for left-over files ... OK
* checking index information ... OK
* checking package subdirectories ... OK
* checking R files for non-ASCII characters ... OK
* checking R files for syntax errors ... OK
* checking whether the package can be loaded ... OK
* checking whether the package can be loaded with stated dependencies ... OK
* checking whether the package can be unloaded cleanly ... OK
* checking whether the namespace can be loaded with stated dependencies ... OK
* checking whether the namespace can be unloaded cleanly ... OK
* checking loading without being on the library search path ... OK
* checking dependencies in R code ... OK
* checking S3 generic/method consistency ... OK
* checking replacement functions ... OK
* checking foreign function calls ... OK
* checking R code for possible problems ... NOTE
avg_statistics: no visible binding for global variable 'hitting'
avg_statistics: no visible binding for global variable 'yearID'
avg_statistics: no visible binding for global variable 'teamID'
avg_statistics: no visible binding for global variable 'H'
avg_statistics: no visible binding for global variable 'AB'
avg_statistics: no visible binding for global variable 'AVERAGE'
avg_statistics: no visible global function definition for 'median'
avg_statistics: no visible global function definition for 'sd'
hit_summary: no visible binding for global variable 'hitting'
linear_model: no visible binding for global variable 'hitting'
linear_model: no visible global function definition for 'lm'
team_avg: no visible binding for global variable 'hitting'
team_avg: no visible binding for global variable 'teamID'
team_avg: no visible binding for global variable 'yearID'
team_avg: no visible binding for global variable 'H'
team_avg: no visible binding for global variable 'AB'
team_avg: no visible binding for global variable 'AVERAGE'
Undefined global functions or variables:
  AB AVERAGE H hitting lm median sd teamID yearID
Consider adding
  importFrom("stats", "lm", "median", "sd")
to your NAMESPACE file.
* checking Rd files ... OK
* checking Rd metadata ... OK
* checking Rd line widths ... OK
* checking Rd cross-references ... OK
* checking for missing documentation entries ... OK
* checking for code/documentation mismatches ... OK
* checking Rd \usage sections ... OK
* checking Rd contents ... OK
* checking for unstated dependencies in examples ... OK
* checking contents of 'data' directory ... OK
* checking data for non-ASCII characters ... OK
* checking LazyData ... OK
* checking data for ASCII and uncompressed saves ... OK
* checking examples ... NONE
* checking for non-standard things in the check directory ... OK
* checking for detritus in the temp directory ... OK
* DONE
Status: 1 WARNING, 3 NOTEs
